Log opened at 2020-02-04 17:30:48
I: Connecting to configured address/port: docker.for.mac.localhost:9000.
W: Creating socket for 'docker.for.mac.localhost:9000', poll success, but error: Operation now in progress (29).
E: Could not connect to client. :-(
Log closed at 2020-02-04 17:30:48

Log opened at 2020-02-04 17:36:35
I: Connecting to configured address/port: docker.for.mac.localhost:9000.
W: Creating socket for 'docker.for.mac.localhost:9000', poll success, but error: Operation now in progress (29).
E: Could not connect to client. :-(
Log closed at 2020-02-04 17:36:35

Log opened at 2020-02-04 17:54:23
I: Connecting to configured address/port: docker.for.mac.localhost:9000.
W: Creating socket for 'docker.for.mac.localhost:9000', poll success, but error: Operation now in progress (29).
E: Could not connect to client. :-(
Log closed at 2020-02-04 17:54:23

Log opened at 2020-02-04 17:59:16
I: Connecting to configured address/port: docker.for.mac.localhost:9000.
W: Creating socket for 'docker.for.mac.localhost:9000', poll success, but error: Operation now in progress (29).
E: Could not connect to client. :-(
Log closed at 2020-02-04 17:59:16

Log opened at 2020-02-04 18:16:00
I: Connecting to configured address/port: docker.for.mac.localhost:9000.
W: Creating socket for 'docker.for.mac.localhost:9000', poll success, but error: Operation now in progress (29).
E: Could not connect to client. :-(
Log closed at 2020-02-04 18:16:00

Log opened at 2020-02-04 18:16:21
I: Connecting to configured address/port: docker.for.mac.localhost:9000.
W: Creating socket for 'docker.for.mac.localhost:9000', poll success, but error: Operation now in progress (29).
E: Could not connect to client. :-(
Log closed at 2020-02-04 18:16:21

Log opened at 2020-02-04 18:16:21
I: Connecting to configured address/port: docker.for.mac.localhost:9000.
W: Creating socket for 'docker.for.mac.localhost:9000', poll success, but error: Operation now in progress (29).
E: Could not connect to client. :-(
Log closed at 2020-02-04 18:16:21

Log opened at 2020-02-04 18:16:21
I: Connecting to configured address/port: docker.for.mac.localhost:9000.
W: Creating socket for 'docker.for.mac.localhost:9000', poll success, but error: Operation now in progress (29).
E: Could not connect to client. :-(
Log closed at 2020-02-04 18:16:21

Log opened at 2020-02-04 18:16:21
I: Connecting to configured address/port: docker.for.mac.localhost:9000.
W: Creating socket for 'docker.for.mac.localhost:9000', poll success, but error: Operation now in progress (29).
E: Could not connect to client. :-(
Log closed at 2020-02-04 18:16:21

Log opened at 2020-02-04 18:16:21
I: Connecting to configured address/port: docker.for.mac.localhost:9000.
W: Creating socket for 'docker.for.mac.localhost:9000', poll success, but error: Operation now in progress (29).
E: Could not connect to client. :-(
Log closed at 2020-02-04 18:16:21

Log opened at 2020-02-04 18:16:21
I: Connecting to configured address/port: docker.for.mac.localhost:9000.
W: Creating socket for 'docker.for.mac.localhost:9000', poll success, but error: Operation now in progress (29).
E: Could not connect to client. :-(
Log closed at 2020-02-04 18:16:21

Log opened at 2020-02-04 18:16:21
I: Connecting to configured address/port: docker.for.mac.localhost:9000.
W: Creating socket for 'docker.for.mac.localhost:9000', poll success, but error: Operation now in progress (29).
E: Could not connect to client. :-(
Log closed at 2020-02-04 18:16:21

Log opened at 2020-02-04 18:16:21
I: Connecting to configured address/port: docker.for.mac.localhost:9000.
W: Creating socket for 'docker.for.mac.localhost:9000', poll success, but error: Operation now in progress (29).
E: Could not connect to client. :-(
Log closed at 2020-02-04 18:16:21

Log opened at 2020-02-04 18:16:21
I: Connecting to configured address/port: docker.for.mac.localhost:9000.
W: Creating socket for 'docker.for.mac.localhost:9000', poll success, but error: Operation now in progress (29).
E: Could not connect to client. :-(
Log closed at 2020-02-04 18:16:21

Log opened at 2020-02-04 18:16:21
I: Connecting to configured address/port: docker.for.mac.localhost:9000.
W: Creating socket for 'docker.for.mac.localhost:9000', poll success, but error: Operation now in progress (29).
E: Could not connect to client. :-(
Log closed at 2020-02-04 18:16:21

Log opened at 2020-02-04 18:16:21
I: Connecting to configured address/port: docker.for.mac.localhost:9000.
W: Creating socket for 'docker.for.mac.localhost:9000', poll success, but error: Operation now in progress (29).
E: Could not connect to client. :-(
Log closed at 2020-02-04 18:16:21

Log opened at 2020-02-04 18:16:21
I: Connecting to configured address/port: docker.for.mac.localhost:9000.
W: Creating socket for 'docker.for.mac.localhost:9000', poll success, but error: Operation now in progress (29).
E: Could not connect to client. :-(
Log closed at 2020-02-04 18:16:21

Log opened at 2020-02-04 18:16:21
I: Connecting to configured address/port: docker.for.mac.localhost:9000.
W: Creating socket for 'docker.for.mac.localhost:9000', poll success, but error: Operation now in progress (29).
E: Could not connect to client. :-(
Log closed at 2020-02-04 18:16:21

Log opened at 2020-02-04 18:16:21
I: Connecting to configured address/port: docker.for.mac.localhost:9000.
W: Creating socket for 'docker.for.mac.localhost:9000', poll success, but error: Operation now in progress (29).
E: Could not connect to client. :-(
Log closed at 2020-02-04 18:16:21

Log opened at 2020-02-04 18:16:22
I: Connecting to configured address/port: docker.for.mac.localhost:9000.
W: Creating socket for 'docker.for.mac.localhost:9000', poll success, but error: Operation now in progress (29).
E: Could not connect to client. :-(
Log closed at 2020-02-04 18:16:22

Log opened at 2020-02-04 18:16:43
I: Connecting to configured address/port: docker.for.mac.localhost:9000.
W: Creating socket for 'docker.for.mac.localhost:9000', poll success, but error: Operation now in progress (29).
E: Could not connect to client. :-(
Log closed at 2020-02-04 18:16:43

Log opened at 2020-02-04 18:16:43
I: Connecting to configured address/port: docker.for.mac.localhost:9000.
W: Creating socket for 'docker.for.mac.localhost:9000', poll success, but error: Operation now in progress (29).
E: Could not connect to client. :-(
Log closed at 2020-02-04 18:16:43

Log opened at 2020-02-04 18:16:43
I: Connecting to configured address/port: docker.for.mac.localhost:9000.
W: Creating socket for 'docker.for.mac.localhost:9000', poll success, but error: Operation now in progress (29).
E: Could not connect to client. :-(
Log closed at 2020-02-04 18:16:43

Log opened at 2020-02-04 18:16:43
I: Connecting to configured address/port: docker.for.mac.localhost:9000.
W: Creating socket for 'docker.for.mac.localhost:9000', poll success, but error: Operation now in progress (29).
E: Could not connect to client. :-(
Log closed at 2020-02-04 18:16:43

Log opened at 2020-02-04 18:16:43
I: Connecting to configured address/port: docker.for.mac.localhost:9000.
W: Creating socket for 'docker.for.mac.localhost:9000', poll success, but error: Operation now in progress (29).
E: Could not connect to client. :-(
Log closed at 2020-02-04 18:16:43

Log opened at 2020-02-04 18:16:43
I: Connecting to configured address/port: docker.for.mac.localhost:9000.
W: Creating socket for 'docker.for.mac.localhost:9000', poll success, but error: Operation now in progress (29).
E: Could not connect to client. :-(
Log closed at 2020-02-04 18:16:43

Log opened at 2020-02-04 18:16:43
I: Connecting to configured address/port: docker.for.mac.localhost:9000.
W: Creating socket for 'docker.for.mac.localhost:9000', poll success, but error: Operation now in progress (29).
E: Could not connect to client. :-(
Log closed at 2020-02-04 18:16:43

Log opened at 2020-02-04 18:16:43
I: Connecting to configured address/port: docker.for.mac.localhost:9000.
W: Creating socket for 'docker.for.mac.localhost:9000', poll success, but error: Operation now in progress (29).
E: Could not connect to client. :-(
Log closed at 2020-02-04 18:16:43

Log opened at 2020-02-04 18:16:43
I: Connecting to configured address/port: docker.for.mac.localhost:9000.
W: Creating socket for 'docker.for.mac.localhost:9000', poll success, but error: Operation now in progress (29).
E: Could not connect to client. :-(
Log closed at 2020-02-04 18:16:43

Log opened at 2020-02-04 18:16:43
I: Connecting to configured address/port: docker.for.mac.localhost:9000.
W: Creating socket for 'docker.for.mac.localhost:9000', poll success, but error: Operation now in progress (29).
E: Could not connect to client. :-(
Log closed at 2020-02-04 18:16:43

Log opened at 2020-02-04 18:16:43
I: Connecting to configured address/port: docker.for.mac.localhost:9000.
W: Creating socket for 'docker.for.mac.localhost:9000', poll success, but error: Operation now in progress (29).
E: Could not connect to client. :-(
Log closed at 2020-02-04 18:16:43

Log opened at 2020-02-04 18:16:43
I: Connecting to configured address/port: docker.for.mac.localhost:9000.
W: Creating socket for 'docker.for.mac.localhost:9000', poll success, but error: Operation now in progress (29).
E: Could not connect to client. :-(
Log closed at 2020-02-04 18:16:43

Log opened at 2020-02-04 18:16:43
I: Connecting to configured address/port: docker.for.mac.localhost:9000.
W: Creating socket for 'docker.for.mac.localhost:9000', poll success, but error: Operation now in progress (29).
E: Could not connect to client. :-(
Log closed at 2020-02-04 18:16:43

Log opened at 2020-02-04 18:16:43
I: Connecting to configured address/port: docker.for.mac.localhost:9000.
W: Creating socket for 'docker.for.mac.localhost:9000', poll success, but error: Operation now in progress (29).
E: Could not connect to client. :-(
Log closed at 2020-02-04 18:16:43

Log opened at 2020-02-04 18:16:43
I: Connecting to configured address/port: docker.for.mac.localhost:9000.
W: Creating socket for 'docker.for.mac.localhost:9000', poll success, but error: Operation now in progress (29).
E: Could not connect to client. :-(
Log closed at 2020-02-04 18:16:43

Log opened at 2020-02-04 18:17:10
I: Connecting to configured address/port: docker.for.mac.localhost:9000.
W: Creating socket for 'docker.for.mac.localhost:9000', poll success, but error: Operation now in progress (29).
E: Could not connect to client. :-(
Log closed at 2020-02-04 18:17:10

Log opened at 2020-02-04 18:17:10
I: Connecting to configured address/port: docker.for.mac.localhost:9000.
W: Creating socket for 'docker.for.mac.localhost:9000', poll success, but error: Operation now in progress (29).
E: Could not connect to client. :-(
Log closed at 2020-02-04 18:17:10

Log opened at 2020-02-04 18:17:10
I: Connecting to configured address/port: docker.for.mac.localhost:9000.
W: Creating socket for 'docker.for.mac.localhost:9000', poll success, but error: Operation now in progress (29).
E: Could not connect to client. :-(
Log closed at 2020-02-04 18:17:11

Log opened at 2020-02-04 18:17:11
I: Connecting to configured address/port: docker.for.mac.localhost:9000.
W: Creating socket for 'docker.for.mac.localhost:9000', poll success, but error: Operation now in progress (29).
E: Could not connect to client. :-(
Log closed at 2020-02-04 18:17:11

Log opened at 2020-02-04 18:17:11
I: Connecting to configured address/port: docker.for.mac.localhost:9000.
W: Creating socket for 'docker.for.mac.localhost:9000', poll success, but error: Operation now in progress (8).
E: Could not connect to client. :-(
Log closed at 2020-02-04 18:17:11

Log opened at 2020-02-04 18:17:11
I: Connecting to configured address/port: docker.for.mac.localhost:9000.
W: Creating socket for 'docker.for.mac.localhost:9000', poll success, but error: Operation now in progress (29).
E: Could not connect to client. :-(
Log closed at 2020-02-04 18:17:11

Log opened at 2020-02-04 18:17:11
I: Connecting to configured address/port: docker.for.mac.localhost:9000.
W: Creating socket for 'docker.for.mac.localhost:9000', poll success, but error: Operation now in progress (29).
E: Could not connect to client. :-(
Log closed at 2020-02-04 18:17:11

Log opened at 2020-02-04 18:17:11
I: Connecting to configured address/port: docker.for.mac.localhost:9000.
W: Creating socket for 'docker.for.mac.localhost:9000', poll success, but error: Operation now in progress (29).
E: Could not connect to client. :-(
Log closed at 2020-02-04 18:17:11

Log opened at 2020-02-04 18:17:11
I: Connecting to configured address/port: docker.for.mac.localhost:9000.
W: Creating socket for 'docker.for.mac.localhost:9000', poll success, but error: Operation now in progress (29).
E: Could not connect to client. :-(
Log closed at 2020-02-04 18:17:11

Log opened at 2020-02-04 18:17:11
I: Connecting to configured address/port: docker.for.mac.localhost:9000.
W: Creating socket for 'docker.for.mac.localhost:9000', poll success, but error: Operation now in progress (29).
E: Could not connect to client. :-(
Log closed at 2020-02-04 18:17:11

Log opened at 2020-02-04 18:17:11
I: Connecting to configured address/port: docker.for.mac.localhost:9000.
W: Creating socket for 'docker.for.mac.localhost:9000', poll success, but error: Operation now in progress (29).
E: Could not connect to client. :-(
Log closed at 2020-02-04 18:17:11

Log opened at 2020-02-04 18:17:11
I: Connecting to configured address/port: docker.for.mac.localhost:9000.
W: Creating socket for 'docker.for.mac.localhost:9000', poll success, but error: Operation now in progress (29).
E: Could not connect to client. :-(
Log closed at 2020-02-04 18:17:11

Log opened at 2020-02-04 18:17:11
I: Connecting to configured address/port: docker.for.mac.localhost:9000.
W: Creating socket for 'docker.for.mac.localhost:9000', poll success, but error: Operation now in progress (29).
E: Could not connect to client. :-(
Log closed at 2020-02-04 18:17:11

Log opened at 2020-02-04 18:17:11
I: Connecting to configured address/port: docker.for.mac.localhost:9000.
W: Creating socket for 'docker.for.mac.localhost:9000', poll success, but error: Operation now in progress (29).
E: Could not connect to client. :-(
Log closed at 2020-02-04 18:17:11

Log opened at 2020-02-04 18:17:11
I: Connecting to configured address/port: docker.for.mac.localhost:9000.
W: Creating socket for 'docker.for.mac.localhost:9000', poll success, but error: Operation now in progress (29).
E: Could not connect to client. :-(
Log closed at 2020-02-04 18:17:11

Log opened at 2020-02-04 18:17:11
I: Connecting to configured address/port: docker.for.mac.localhost:9000.
W: Creating socket for 'docker.for.mac.localhost:9000', poll success, but error: Operation now in progress (29).
E: Could not connect to client. :-(
Log closed at 2020-02-04 18:17:11

Log opened at 2020-02-04 19:44:12
I: Connecting to configured address/port: docker.for.mac.localhost:9000.
W: Creating socket for 'docker.for.mac.localhost:9000', poll success, but error: Operation now in progress (29).
E: Could not connect to client. :-(
Log closed at 2020-02-04 19:44:13

Log opened at 2020-02-04 19:45:19
I: Connecting to configured address/port: docker.for.mac.localhost:9000.
W: Creating socket for 'docker.for.mac.localhost:9000', poll success, but error: Operation now in progress (29).
E: Could not connect to client. :-(
Log closed at 2020-02-04 19:45:19

Log opened at 2020-02-04 19:46:53
I: Connecting to configured address/port: docker.for.mac.localhost:9000.
W: Creating socket for 'docker.for.mac.localhost:9000', poll success, but error: Operation now in progress (29).
E: Could not connect to client. :-(
Log closed at 2020-02-04 19:46:53

Log opened at 2020-02-04 19:47:16
I: Connecting to configured address/port: docker.for.mac.localhost:9000.
W: Creating socket for 'docker.for.mac.localhost:9000', poll success, but error: Operation now in progress (29).
E: Could not connect to client. :-(
Log closed at 2020-02-04 19:47:16

Log opened at 2020-02-04 19:47:47
I: Connecting to configured address/port: docker.for.mac.localhost:9000.
W: Creating socket for 'docker.for.mac.localhost:9000', poll success, but error: Operation now in progress (29).
E: Could not connect to client. :-(
Log closed at 2020-02-04 19:47:47

Log opened at 2020-02-04 19:51:53
I: Connecting to configured address/port: docker.for.mac.localhost:9000.
W: Creating socket for 'docker.for.mac.localhost:9000', poll success, but error: Operation now in progress (29).
E: Could not connect to client. :-(
Log closed at 2020-02-04 19:51:53

[16] Log opened at 2020-02-04 23:27:36
[16] I: Connecting to configured address/port: docker.for.mac.localhost:9000.
[16] W: Creating socket for 'docker.for.mac.localhost:9000', poll success, but error: Operation now in progress (29).
[16] E: Could not connect to client. :-(
[16] Log closed at 2020-02-04 23:27:36

[16] Log opened at 2020-02-04 23:28:58
[16] I: Connecting to configured address/port: docker.for.mac.localhost:9000.
[16] W: Creating socket for 'docker.for.mac.localhost:9000', poll success, but error: Operation now in progress (29).
[16] E: Could not connect to client. :-(
[16] Log closed at 2020-02-04 23:28:58

[16] Log opened at 2020-02-04 23:29:14
[16] I: Connecting to configured address/port: docker.for.mac.localhost:9000.
[16] W: Creating socket for 'docker.for.mac.localhost:9000', poll success, but error: Operation now in progress (29).
[16] E: Could not connect to client. :-(
[16] Log closed at 2020-02-04 23:29:14

[16] Log opened at 2020-02-04 23:29:14
[16] I: Connecting to configured address/port: docker.for.mac.localhost:9000.
[16] W: Creating socket for 'docker.for.mac.localhost:9000', poll success, but error: Operation now in progress (29).
[16] E: Could not connect to client. :-(
[16] Log closed at 2020-02-04 23:29:14

[16] Log opened at 2020-02-04 23:29:14
[16] I: Connecting to configured address/port: docker.for.mac.localhost:9000.
[16] W: Creating socket for 'docker.for.mac.localhost:9000', poll success, but error: Operation now in progress (29).
[16] E: Could not connect to client. :-(
[16] Log closed at 2020-02-04 23:29:14

[16] Log opened at 2020-02-04 23:29:14
[16] I: Connecting to configured address/port: docker.for.mac.localhost:9000.
[16] W: Creating socket for 'docker.for.mac.localhost:9000', poll success, but error: Operation now in progress (29).
[16] E: Could not connect to client. :-(
[16] Log closed at 2020-02-04 23:29:14

[16] Log opened at 2020-02-04 23:29:14
[16] I: Connecting to configured address/port: docker.for.mac.localhost:9000.
[16] W: Creating socket for 'docker.for.mac.localhost:9000', poll success, but error: Operation now in progress (29).
[16] E: Could not connect to client. :-(
[16] Log closed at 2020-02-04 23:29:14

[16] Log opened at 2020-02-04 23:29:14
[16] I: Connecting to configured address/port: docker.for.mac.localhost:9000.
[16] W: Creating socket for 'docker.for.mac.localhost:9000', poll success, but error: Operation now in progress (29).
[16] E: Could not connect to client. :-(
[16] Log closed at 2020-02-04 23:29:14

[16] Log opened at 2020-02-04 23:29:14
[16] I: Connecting to configured address/port: docker.for.mac.localhost:9000.
[16] W: Creating socket for 'docker.for.mac.localhost:9000', poll success, but error: Operation now in progress (29).
[16] E: Could not connect to client. :-(
[16] Log closed at 2020-02-04 23:29:14

[16] Log opened at 2020-02-04 23:29:14
[16] I: Connecting to configured address/port: docker.for.mac.localhost:9000.
[16] W: Creating socket for 'docker.for.mac.localhost:9000', poll success, but error: Operation now in progress (29).
[16] E: Could not connect to client. :-(
[16] Log closed at 2020-02-04 23:29:14

[16] Log opened at 2020-02-04 23:29:14
[16] I: Connecting to configured address/port: docker.for.mac.localhost:9000.
[16] W: Creating socket for 'docker.for.mac.localhost:9000', poll success, but error: Operation now in progress (29).
[16] E: Could not connect to client. :-(
[16] Log closed at 2020-02-04 23:29:14

[16] Log opened at 2020-02-04 23:29:14
[16] I: Connecting to configured address/port: docker.for.mac.localhost:9000.
[16] W: Creating socket for 'docker.for.mac.localhost:9000', poll success, but error: Operation now in progress (29).
[16] E: Could not connect to client. :-(
[16] Log closed at 2020-02-04 23:29:14

[16] Log opened at 2020-02-04 23:29:14
[16] I: Connecting to configured address/port: docker.for.mac.localhost:9000.
[16] W: Creating socket for 'docker.for.mac.localhost:9000', poll success, but error: Operation now in progress (29).
[16] E: Could not connect to client. :-(
[16] Log closed at 2020-02-04 23:29:14

[16] Log opened at 2020-02-04 23:29:14
[16] I: Connecting to configured address/port: docker.for.mac.localhost:9000.
[16] W: Creating socket for 'docker.for.mac.localhost:9000', poll success, but error: Operation now in progress (29).
[16] E: Could not connect to client. :-(
[16] Log closed at 2020-02-04 23:29:14

[16] Log opened at 2020-02-04 23:29:14
[16] I: Connecting to configured address/port: docker.for.mac.localhost:9000.
[16] W: Creating socket for 'docker.for.mac.localhost:9000', poll success, but error: Operation now in progress (29).
[16] E: Could not connect to client. :-(
[16] Log closed at 2020-02-04 23:29:14

[16] Log opened at 2020-02-04 23:29:14
[16] I: Connecting to configured address/port: docker.for.mac.localhost:9000.
[16] W: Creating socket for 'docker.for.mac.localhost:9000', poll success, but error: Operation now in progress (29).
[16] E: Could not connect to client. :-(
[16] Log closed at 2020-02-04 23:29:14

[16] Log opened at 2020-02-04 23:29:14
[16] I: Connecting to configured address/port: docker.for.mac.localhost:9000.
[16] W: Creating socket for 'docker.for.mac.localhost:9000', poll success, but error: Operation now in progress (29).
[16] E: Could not connect to client. :-(
[16] Log closed at 2020-02-04 23:29:14

[16] Log opened at 2020-02-04 23:29:14
[16] I: Connecting to configured address/port: docker.for.mac.localhost:9000.
[16] W: Creating socket for 'docker.for.mac.localhost:9000', poll success, but error: Operation now in progress (29).
[16] E: Could not connect to client. :-(
[16] Log closed at 2020-02-04 23:29:14

[16] Log opened at 2020-02-04 23:29:14
[16] I: Connecting to configured address/port: docker.for.mac.localhost:9000.
[16] W: Creating socket for 'docker.for.mac.localhost:9000', poll success, but error: Operation now in progress (8).
[16] E: Could not connect to client. :-(
[16] Log closed at 2020-02-04 23:29:14

[16] Log opened at 2020-02-04 23:30:05
[16] I: Connecting to configured address/port: docker.for.mac.localhost:9000.
[16] W: Creating socket for 'docker.for.mac.localhost:9000', poll success, but error: Operation now in progress (29).
[16] E: Could not connect to client. :-(
[16] Log closed at 2020-02-04 23:30:05

[16] Log opened at 2020-02-04 23:30:21
[16] I: Connecting to configured address/port: docker.for.mac.localhost:9000.
[16] W: Creating socket for 'docker.for.mac.localhost:9000', poll success, but error: Operation now in progress (29).
[16] E: Could not connect to client. :-(
[16] Log closed at 2020-02-04 23:30:21

[16] Log opened at 2020-02-04 23:30:21
[16] I: Connecting to configured address/port: docker.for.mac.localhost:9000.
[16] W: Creating socket for 'docker.for.mac.localhost:9000', poll success, but error: Operation now in progress (29).
[16] E: Could not connect to client. :-(
[16] Log closed at 2020-02-04 23:30:21

[16] Log opened at 2020-02-04 23:30:21
[16] I: Connecting to configured address/port: docker.for.mac.localhost:9000.
[16] W: Creating socket for 'docker.for.mac.localhost:9000', poll success, but error: Operation now in progress (8).
[16] E: Could not connect to client. :-(
[16] Log closed at 2020-02-04 23:30:21

[16] Log opened at 2020-02-04 23:30:21
[16] I: Connecting to configured address/port: docker.for.mac.localhost:9000.
[16] W: Creating socket for 'docker.for.mac.localhost:9000', poll success, but error: Operation now in progress (29).
[16] E: Could not connect to client. :-(
[16] Log closed at 2020-02-04 23:30:21

[16] Log opened at 2020-02-04 23:30:22
[16] I: Connecting to configured address/port: docker.for.mac.localhost:9000.
[16] W: Creating socket for 'docker.for.mac.localhost:9000', poll success, but error: Operation now in progress (29).
[16] E: Could not connect to client. :-(
[16] Log closed at 2020-02-04 23:30:22

[16] Log opened at 2020-02-04 23:30:22
[16] I: Connecting to configured address/port: docker.for.mac.localhost:9000.
[16] W: Creating socket for 'docker.for.mac.localhost:9000', poll success, but error: Operation now in progress (29).
[16] E: Could not connect to client. :-(
[16] Log closed at 2020-02-04 23:30:22

[16] Log opened at 2020-02-04 23:30:22
[16] I: Connecting to configured address/port: docker.for.mac.localhost:9000.
[16] W: Creating socket for 'docker.for.mac.localhost:9000', poll success, but error: Operation now in progress (29).
[16] E: Could not connect to client. :-(
[16] Log closed at 2020-02-04 23:30:22

[16] Log opened at 2020-02-04 23:30:22
[16] I: Connecting to configured address/port: docker.for.mac.localhost:9000.
[16] W: Creating socket for 'docker.for.mac.localhost:9000', poll success, but error: Operation now in progress (29).
[16] E: Could not connect to client. :-(
[16] Log closed at 2020-02-04 23:30:22

[16] Log opened at 2020-02-04 23:30:22
[16] I: Connecting to configured address/port: docker.for.mac.localhost:9000.
[16] W: Creating socket for 'docker.for.mac.localhost:9000', poll success, but error: Operation now in progress (29).
[16] E: Could not connect to client. :-(
[16] Log closed at 2020-02-04 23:30:22

[16] Log opened at 2020-02-04 23:30:22
[16] I: Connecting to configured address/port: docker.for.mac.localhost:9000.
[16] W: Creating socket for 'docker.for.mac.localhost:9000', poll success, but error: Operation now in progress (29).
[16] E: Could not connect to client. :-(
[16] Log closed at 2020-02-04 23:30:22

[16] Log opened at 2020-02-04 23:30:22
[16] I: Connecting to configured address/port: docker.for.mac.localhost:9000.
[16] W: Creating socket for 'docker.for.mac.localhost:9000', poll success, but error: Operation now in progress (29).
[16] E: Could not connect to client. :-(
[16] Log closed at 2020-02-04 23:30:22

[16] Log opened at 2020-02-04 23:30:22
[16] I: Connecting to configured address/port: docker.for.mac.localhost:9000.
[16] W: Creating socket for 'docker.for.mac.localhost:9000', poll success, but error: Operation now in progress (29).
[16] E: Could not connect to client. :-(
[16] Log closed at 2020-02-04 23:30:22

[16] Log opened at 2020-02-04 23:30:22
[16] I: Connecting to configured address/port: docker.for.mac.localhost:9000.
[16] W: Creating socket for 'docker.for.mac.localhost:9000', poll success, but error: Operation now in progress (29).
[16] E: Could not connect to client. :-(
[16] Log closed at 2020-02-04 23:30:22

[16] Log opened at 2020-02-04 23:30:22
[16] I: Connecting to configured address/port: docker.for.mac.localhost:9000.
[16] W: Creating socket for 'docker.for.mac.localhost:9000', poll success, but error: Operation now in progress (29).
[16] E: Could not connect to client. :-(
[16] Log closed at 2020-02-04 23:30:22

[16] Log opened at 2020-02-04 23:30:22
[16] I: Connecting to configured address/port: docker.for.mac.localhost:9000.
[16] W: Creating socket for 'docker.for.mac.localhost:9000', poll success, but error: Operation now in progress (29).
[16] E: Could not connect to client. :-(
[16] Log closed at 2020-02-04 23:30:22

[16] Log opened at 2020-02-04 23:30:35
[16] I: Connecting to configured address/port: docker.for.mac.localhost:9000.
[16] W: Creating socket for 'docker.for.mac.localhost:9000', poll success, but error: Operation now in progress (29).
[16] E: Could not connect to client. :-(
[16] Log closed at 2020-02-04 23:30:35

[16] Log opened at 2020-02-04 23:30:35
[16] I: Connecting to configured address/port: docker.for.mac.localhost:9000.
[16] W: Creating socket for 'docker.for.mac.localhost:9000', poll success, but error: Operation now in progress (29).
[16] E: Could not connect to client. :-(
[16] Log closed at 2020-02-04 23:30:35

[16] Log opened at 2020-02-04 23:30:35
[16] I: Connecting to configured address/port: docker.for.mac.localhost:9000.
[16] W: Creating socket for 'docker.for.mac.localhost:9000', poll success, but error: Operation now in progress (29).
[16] E: Could not connect to client. :-(
[16] Log closed at 2020-02-04 23:30:35

[16] Log opened at 2020-02-04 23:30:35
[16] I: Connecting to configured address/port: docker.for.mac.localhost:9000.
[16] W: Creating socket for 'docker.for.mac.localhost:9000', poll success, but error: Operation now in progress (29).
[16] E: Could not connect to client. :-(
[16] Log closed at 2020-02-04 23:30:36

[16] Log opened at 2020-02-04 23:30:36
[16] I: Connecting to configured address/port: docker.for.mac.localhost:9000.
[16] W: Creating socket for 'docker.for.mac.localhost:9000', poll success, but error: Operation now in progress (29).
[16] E: Could not connect to client. :-(
[16] Log closed at 2020-02-04 23:30:36

[16] Log opened at 2020-02-04 23:30:36
[16] I: Connecting to configured address/port: docker.for.mac.localhost:9000.
[16] W: Creating socket for 'docker.for.mac.localhost:9000', poll success, but error: Operation now in progress (29).
[16] E: Could not connect to client. :-(
[16] Log closed at 2020-02-04 23:30:36

[16] Log opened at 2020-02-04 23:30:36
[16] I: Connecting to configured address/port: docker.for.mac.localhost:9000.
[16] W: Creating socket for 'docker.for.mac.localhost:9000', poll success, but error: Operation now in progress (29).
[16] E: Could not connect to client. :-(
[16] Log closed at 2020-02-04 23:30:36

[16] Log opened at 2020-02-04 23:30:36
[16] I: Connecting to configured address/port: docker.for.mac.localhost:9000.
[16] W: Creating socket for 'docker.for.mac.localhost:9000', poll success, but error: Operation now in progress (29).
[16] E: Could not connect to client. :-(
[16] Log closed at 2020-02-04 23:30:36

[16] Log opened at 2020-02-04 23:30:36
[16] I: Connecting to configured address/port: docker.for.mac.localhost:9000.
[16] W: Creating socket for 'docker.for.mac.localhost:9000', poll success, but error: Operation now in progress (29).
[16] E: Could not connect to client. :-(
[16] Log closed at 2020-02-04 23:30:36

[16] Log opened at 2020-02-04 23:30:36
[16] I: Connecting to configured address/port: docker.for.mac.localhost:9000.
[16] W: Creating socket for 'docker.for.mac.localhost:9000', poll success, but error: Operation now in progress (29).
[16] E: Could not connect to client. :-(
[16] Log closed at 2020-02-04 23:30:36

[16] Log opened at 2020-02-04 23:30:36
[16] I: Connecting to configured address/port: docker.for.mac.localhost:9000.
[16] W: Creating socket for 'docker.for.mac.localhost:9000', poll success, but error: Operation now in progress (29).
[16] E: Could not connect to client. :-(
[16] Log closed at 2020-02-04 23:30:36

[16] Log opened at 2020-02-04 23:30:36
[16] I: Connecting to configured address/port: docker.for.mac.localhost:9000.
[16] W: Creating socket for 'docker.for.mac.localhost:9000', poll success, but error: Operation now in progress (29).
[16] E: Could not connect to client. :-(
[16] Log closed at 2020-02-04 23:30:36

[16] Log opened at 2020-02-04 23:30:36
[16] I: Connecting to configured address/port: docker.for.mac.localhost:9000.
[16] W: Creating socket for 'docker.for.mac.localhost:9000', poll success, but error: Operation now in progress (29).
[16] E: Could not connect to client. :-(
[16] Log closed at 2020-02-04 23:30:36

[16] Log opened at 2020-02-04 23:30:36
[16] I: Connecting to configured address/port: docker.for.mac.localhost:9000.
[16] W: Creating socket for 'docker.for.mac.localhost:9000', poll success, but error: Operation now in progress (29).
[16] E: Could not connect to client. :-(
[16] Log closed at 2020-02-04 23:30:36

[16] Log opened at 2020-02-06 18:50:44
[16] I: Connecting to configured address/port: docker.for.mac.localhost:9000.
[16] W: Creating socket for 'docker.for.mac.localhost:9000', poll success, but error: Operation now in progress (29).
[16] E: Could not connect to client. :-(
[16] Log closed at 2020-02-06 18:50:44

[16] Log opened at 2020-02-06 18:52:33
[16] I: Connecting to configured address/port: docker.for.mac.localhost:9000.
[16] W: Creating socket for 'docker.for.mac.localhost:9000', poll success, but error: Operation now in progress (29).
[16] E: Could not connect to client. :-(
[16] Log closed at 2020-02-06 18:52:33

[16] Log opened at 2020-02-06 18:53:44
[16] I: Connecting to configured address/port: docker.for.mac.localhost:9000.
[16] W: Creating socket for 'docker.for.mac.localhost:9000', poll success, but error: Operation now in progress (29).
[16] E: Could not connect to client. :-(
[16] Log closed at 2020-02-06 18:53:44

[16] Log opened at 2020-02-06 18:53:47
[16] I: Connecting to configured address/port: docker.for.mac.localhost:9000.
[16] W: Creating socket for 'docker.for.mac.localhost:9000', poll success, but error: Operation now in progress (29).
[16] E: Could not connect to client. :-(
[16] Log closed at 2020-02-06 18:53:48

[16] Log opened at 2020-02-06 18:53:48
[16] I: Connecting to configured address/port: docker.for.mac.localhost:9000.
[16] W: Creating socket for 'docker.for.mac.localhost:9000', poll success, but error: Operation now in progress (29).
[16] E: Could not connect to client. :-(
[16] Log closed at 2020-02-06 18:53:48

[37] Log opened at 2020-02-06 18:55:35
[37] I: Connecting to configured address/port: docker.for.mac.localhost:9000.
[37] W: Creating socket for 'docker.for.mac.localhost:9000', poll success, but error: Operation now in progress (29).
[37] E: Could not connect to client. :-(
[37] Log closed at 2020-02-06 18:55:35

[41] Log opened at 2020-02-06 18:58:06
[41] I: Connecting to configured address/port: docker.for.mac.localhost:9000.
[41] W: Creating socket for 'docker.for.mac.localhost:9000', poll success, but error: Operation now in progress (29).
[41] E: Could not connect to client. :-(
[41] Log closed at 2020-02-06 18:58:06

[45] Log opened at 2020-02-06 18:58:49
[45] I: Connecting to configured address/port: docker.for.mac.localhost:9000.
[45] W: Creating socket for 'docker.for.mac.localhost:9000', poll success, but error: Operation now in progress (29).
[45] E: Could not connect to client. :-(
[45] Log closed at 2020-02-06 18:58:49

[16] Log opened at 2020-02-06 19:00:07
[16] I: Connecting to configured address/port: docker.for.mac.localhost:9000.
[16] W: Creating socket for 'docker.for.mac.localhost:9000', poll success, but error: Operation now in progress (29).
[16] E: Could not connect to client. :-(
[16] Log closed at 2020-02-06 19:00:07

[16] Log opened at 2020-02-06 19:01:17
[16] I: Connecting to configured address/port: docker.for.mac.localhost:9000.
[16] W: Creating socket for 'docker.for.mac.localhost:9000', poll success, but error: Operation now in progress (29).
[16] E: Could not connect to client. :-(
[16] Log closed at 2020-02-06 19:01:17

[16] Log opened at 2020-02-06 19:01:17
[16] I: Connecting to configured address/port: docker.for.mac.localhost:9000.
[16] W: Creating socket for 'docker.for.mac.localhost:9000', poll success, but error: Operation now in progress (29).
[16] E: Could not connect to client. :-(
[16] Log closed at 2020-02-06 19:01:17

[16] Log opened at 2020-02-06 19:01:17
[16] I: Connecting to configured address/port: docker.for.mac.localhost:9000.
[16] W: Creating socket for 'docker.for.mac.localhost:9000', poll success, but error: Operation now in progress (29).
[16] E: Could not connect to client. :-(
[16] Log closed at 2020-02-06 19:01:17

[16] Log opened at 2020-02-06 19:01:17
[16] I: Connecting to configured address/port: docker.for.mac.localhost:9000.
[16] W: Creating socket for 'docker.for.mac.localhost:9000', poll success, but error: Operation now in progress (29).
[16] E: Could not connect to client. :-(
[16] Log closed at 2020-02-06 19:01:17

[16] Log opened at 2020-02-06 19:01:17
[16] I: Connecting to configured address/port: docker.for.mac.localhost:9000.
[16] W: Creating socket for 'docker.for.mac.localhost:9000', poll success, but error: Operation now in progress (29).
[16] E: Could not connect to client. :-(
[16] Log closed at 2020-02-06 19:01:17

[16] Log opened at 2020-02-06 19:01:17
[16] I: Connecting to configured address/port: docker.for.mac.localhost:9000.
[16] W: Creating socket for 'docker.for.mac.localhost:9000', poll success, but error: Operation now in progress (29).
[16] E: Could not connect to client. :-(
[16] Log closed at 2020-02-06 19:01:18

[16] Log opened at 2020-02-06 19:01:18
[16] I: Connecting to configured address/port: docker.for.mac.localhost:9000.
[16] W: Creating socket for 'docker.for.mac.localhost:9000', poll success, but error: Operation now in progress (29).
[16] E: Could not connect to client. :-(
[16] Log closed at 2020-02-06 19:01:18

[16] Log opened at 2020-02-06 19:01:18
[16] I: Connecting to configured address/port: docker.for.mac.localhost:9000.
[16] W: Creating socket for 'docker.for.mac.localhost:9000', poll success, but error: Operation now in progress (29).
[16] E: Could not connect to client. :-(
[16] Log closed at 2020-02-06 19:01:18

[16] Log opened at 2020-02-06 19:01:18
[16] I: Connecting to configured address/port: docker.for.mac.localhost:9000.
[16] W: Creating socket for 'docker.for.mac.localhost:9000', poll success, but error: Operation now in progress (29).
[16] E: Could not connect to client. :-(
[16] Log closed at 2020-02-06 19:01:18

[16] Log opened at 2020-02-06 19:01:18
[16] I: Connecting to configured address/port: docker.for.mac.localhost:9000.
[16] W: Creating socket for 'docker.for.mac.localhost:9000', poll success, but error: Operation now in progress (29).
[16] E: Could not connect to client. :-(
[16] Log closed at 2020-02-06 19:01:18

[16] Log opened at 2020-02-06 19:01:18
[16] I: Connecting to configured address/port: docker.for.mac.localhost:9000.
[16] W: Creating socket for 'docker.for.mac.localhost:9000', poll success, but error: Operation now in progress (29).
[16] E: Could not connect to client. :-(
[16] Log closed at 2020-02-06 19:01:18

[16] Log opened at 2020-02-06 19:01:18
[16] I: Connecting to configured address/port: docker.for.mac.localhost:9000.
[16] W: Creating socket for 'docker.for.mac.localhost:9000', poll success, but error: Operation now in progress (29).
[16] E: Could not connect to client. :-(
[16] Log closed at 2020-02-06 19:01:18

[16] Log opened at 2020-02-06 19:01:18
[16] I: Connecting to configured address/port: docker.for.mac.localhost:9000.
[16] W: Creating socket for 'docker.for.mac.localhost:9000', poll success, but error: Operation now in progress (29).
[16] E: Could not connect to client. :-(
[16] Log closed at 2020-02-06 19:01:19

[16] Log opened at 2020-02-06 19:01:19
[16] I: Connecting to configured address/port: docker.for.mac.localhost:9000.
[16] W: Creating socket for 'docker.for.mac.localhost:9000', poll success, but error: Operation now in progress (29).
[16] E: Could not connect to client. :-(
[16] Log closed at 2020-02-06 19:01:19

[16] Log opened at 2020-02-06 19:14:55
[16] I: Connecting to configured address/port: docker.for.mac.localhost:9000.
[16] W: Creating socket for 'docker.for.mac.localhost:9000', poll success, but error: Operation now in progress (29).
[16] E: Could not connect to client. :-(
[16] Log closed at 2020-02-06 19:14:55

[16] Log opened at 2020-02-06 19:17:13
[16] I: Connecting to configured address/port: docker.for.mac.localhost:9000.
[16] W: Creating socket for 'docker.for.mac.localhost:9000', poll success, but error: Operation now in progress (29).
[16] E: Could not connect to client. :-(
[16] Log closed at 2020-02-06 19:17:13

[49] Log opened at 2020-02-06 19:17:51
[49] I: Connecting to configured address/port: docker.for.mac.localhost:9000.
[49] W: Creating socket for 'docker.for.mac.localhost:9000', poll success, but error: Operation now in progress (29).
[49] E: Could not connect to client. :-(
[49] Log closed at 2020-02-06 19:17:51

[16] Log opened at 2020-02-06 19:18:30
[16] I: Connecting to configured address/port: docker.for.mac.localhost:9000.
[16] W: Creating socket for 'docker.for.mac.localhost:9000', poll success, but error: Operation now in progress (29).
[16] E: Could not connect to client. :-(
[16] Log closed at 2020-02-06 19:18:30

[16] Log opened at 2020-02-06 19:18:30
[16] I: Connecting to configured address/port: docker.for.mac.localhost:9000.
[16] W: Creating socket for 'docker.for.mac.localhost:9000', poll success, but error: Operation now in progress (29).
[16] E: Could not connect to client. :-(
[16] Log closed at 2020-02-06 19:18:30

[16] Log opened at 2020-02-06 19:18:30
[16] I: Connecting to configured address/port: docker.for.mac.localhost:9000.
[16] W: Creating socket for 'docker.for.mac.localhost:9000', poll success, but error: Operation now in progress (29).
[16] E: Could not connect to client. :-(
[16] Log closed at 2020-02-06 19:18:30

[16] Log opened at 2020-02-06 19:18:30
[16] I: Connecting to configured address/port: docker.for.mac.localhost:9000.
[16] W: Creating socket for 'docker.for.mac.localhost:9000', poll success, but error: Operation now in progress (29).
[16] E: Could not connect to client. :-(
[16] Log closed at 2020-02-06 19:18:30

[16] Log opened at 2020-02-06 19:18:30
[16] I: Connecting to configured address/port: docker.for.mac.localhost:9000.
[16] W: Creating socket for 'docker.for.mac.localhost:9000', poll success, but error: Operation now in progress (29).
[16] E: Could not connect to client. :-(
[16] Log closed at 2020-02-06 19:18:30

[16] Log opened at 2020-02-06 19:18:30
[16] I: Connecting to configured address/port: docker.for.mac.localhost:9000.
[16] W: Creating socket for 'docker.for.mac.localhost:9000', poll success, but error: Operation now in progress (29).
[16] E: Could not connect to client. :-(
[16] Log closed at 2020-02-06 19:18:30

[16] Log opened at 2020-02-06 19:18:30
[16] I: Connecting to configured address/port: docker.for.mac.localhost:9000.
[16] W: Creating socket for 'docker.for.mac.localhost:9000', poll success, but error: Operation now in progress (29).
[16] E: Could not connect to client. :-(
[16] Log closed at 2020-02-06 19:18:31

[16] Log opened at 2020-02-06 19:18:31
[16] I: Connecting to configured address/port: docker.for.mac.localhost:9000.
[16] W: Creating socket for 'docker.for.mac.localhost:9000', poll success, but error: Operation now in progress (29).
[16] E: Could not connect to client. :-(
[16] Log closed at 2020-02-06 19:18:31

[16] Log opened at 2020-02-06 19:18:31
[16] I: Connecting to configured address/port: docker.for.mac.localhost:9000.
[16] W: Creating socket for 'docker.for.mac.localhost:9000', poll success, but error: Operation now in progress (29).
[16] E: Could not connect to client. :-(
[16] Log closed at 2020-02-06 19:18:31

[16] Log opened at 2020-02-06 19:18:31
[16] I: Connecting to configured address/port: docker.for.mac.localhost:9000.
[16] W: Creating socket for 'docker.for.mac.localhost:9000', poll success, but error: Operation now in progress (29).
[16] E: Could not connect to client. :-(
[16] Log closed at 2020-02-06 19:18:31

[16] Log opened at 2020-02-06 19:18:31
[16] I: Connecting to configured address/port: docker.for.mac.localhost:9000.
[16] W: Creating socket for 'docker.for.mac.localhost:9000', poll success, but error: Operation now in progress (29).
[16] E: Could not connect to client. :-(
[16] Log closed at 2020-02-06 19:18:31

[16] Log opened at 2020-02-06 19:18:31
[16] I: Connecting to configured address/port: docker.for.mac.localhost:9000.
[16] W: Creating socket for 'docker.for.mac.localhost:9000', poll success, but error: Operation now in progress (29).
[16] E: Could not connect to client. :-(
[16] Log closed at 2020-02-06 19:18:31

[16] Log opened at 2020-02-06 19:18:31
[16] I: Connecting to configured address/port: docker.for.mac.localhost:9000.
[16] W: Creating socket for 'docker.for.mac.localhost:9000', poll success, but error: Operation now in progress (29).
[16] E: Could not connect to client. :-(
[16] Log closed at 2020-02-06 19:18:31

[16] Log opened at 2020-02-06 19:18:31
[16] I: Connecting to configured address/port: docker.for.mac.localhost:9000.
[16] W: Creating socket for 'docker.for.mac.localhost:9000', poll success, but error: Operation now in progress (29).
[16] E: Could not connect to client. :-(
[16] Log closed at 2020-02-06 19:18:31

[16] Log opened at 2020-02-06 19:21:33
[16] I: Connecting to configured address/port: docker.for.mac.localhost:9000.
[16] W: Creating socket for 'docker.for.mac.localhost:9000', poll success, but error: Operation now in progress (29).
[16] E: Could not connect to client. :-(
[16] Log closed at 2020-02-06 19:21:33

[16] Log opened at 2020-02-06 19:22:32
[16] I: Connecting to configured address/port: docker.for.mac.localhost:9000.
[16] W: Creating socket for 'docker.for.mac.localhost:9000', poll success, but error: Operation now in progress (29).
[16] E: Could not connect to client. :-(
[16] Log closed at 2020-02-06 19:22:32

[16] Log opened at 2020-02-06 19:22:33
[16] I: Connecting to configured address/port: docker.for.mac.localhost:9000.
[16] W: Creating socket for 'docker.for.mac.localhost:9000', poll success, but error: Operation now in progress (29).
[16] E: Could not connect to client. :-(
[16] Log closed at 2020-02-06 19:22:33

[16] Log opened at 2020-02-06 19:22:33
[16] I: Connecting to configured address/port: docker.for.mac.localhost:9000.
[16] W: Creating socket for 'docker.for.mac.localhost:9000', poll success, but error: Operation now in progress (29).
[16] E: Could not connect to client. :-(
[16] Log closed at 2020-02-06 19:22:33

[16] Log opened at 2020-02-06 19:27:02
[16] I: Connecting to configured address/port: docker.for.mac.localhost:9000.
[16] W: Creating socket for 'docker.for.mac.localhost:9000', poll success, but error: Operation now in progress (29).
[16] E: Could not connect to client. :-(
[16] Log closed at 2020-02-06 19:27:02

[16] Log opened at 2020-02-06 19:27:11
[16] I: Connecting to configured address/port: docker.for.mac.localhost:9000.
[16] W: Creating socket for 'docker.for.mac.localhost:9000', poll success, but error: Operation now in progress (29).
[16] E: Could not connect to client. :-(
[16] Log closed at 2020-02-06 19:27:11

[16] Log opened at 2020-02-06 19:27:15
[16] I: Connecting to configured address/port: docker.for.mac.localhost:9000.
[16] W: Creating socket for 'docker.for.mac.localhost:9000', poll success, but error: Operation now in progress (29).
[16] E: Could not connect to client. :-(
[16] Log closed at 2020-02-06 19:27:15

[16] Log opened at 2020-02-06 19:27:15
[16] I: Connecting to configured address/port: docker.for.mac.localhost:9000.
[16] W: Creating socket for 'docker.for.mac.localhost:9000', poll success, but error: Operation now in progress (29).
[16] E: Could not connect to client. :-(
[16] Log closed at 2020-02-06 19:27:15

[16] Log opened at 2020-02-06 19:28:08
[16] I: Connecting to configured address/port: docker.for.mac.localhost:9000.
[16] W: Creating socket for 'docker.for.mac.localhost:9000', poll success, but error: Operation now in progress (29).
[16] E: Could not connect to client. :-(
[16] Log closed at 2020-02-06 19:28:08

[16] Log opened at 2020-02-06 19:28:17
[16] I: Connecting to configured address/port: docker.for.mac.localhost:9000.
[16] W: Creating socket for 'docker.for.mac.localhost:9000', poll success, but error: Operation now in progress (29).
[16] E: Could not connect to client. :-(
[16] Log closed at 2020-02-06 19:28:17

[16] Log opened at 2020-02-06 19:28:20
[16] I: Connecting to configured address/port: docker.for.mac.localhost:9000.
[16] W: Creating socket for 'docker.for.mac.localhost:9000', poll success, but error: Operation now in progress (29).
[16] E: Could not connect to client. :-(
[16] Log closed at 2020-02-06 19:28:20

[16] Log opened at 2020-02-06 19:28:20
[16] I: Connecting to configured address/port: docker.for.mac.localhost:9000.
[16] W: Creating socket for 'docker.for.mac.localhost:9000', poll success, but error: Operation now in progress (29).
[16] E: Could not connect to client. :-(
[16] Log closed at 2020-02-06 19:28:20

[16] Log opened at 2020-02-06 19:29:56
[16] I: Connecting to configured address/port: docker.for.mac.localhost:9000.
[16] W: Creating socket for 'docker.for.mac.localhost:9000', poll success, but error: Operation now in progress (29).
[16] E: Could not connect to client. :-(
[16] Log closed at 2020-02-06 19:29:57

[16] Log opened at 2020-02-06 19:31:12
[16] I: Connecting to configured address/port: docker.for.mac.localhost:9000.
[16] W: Creating socket for 'docker.for.mac.localhost:9000', poll success, but error: Operation now in progress (29).
[16] E: Could not connect to client. :-(
[16] Log closed at 2020-02-06 19:31:12

[16] Log opened at 2020-02-06 19:31:12
[16] I: Connecting to configured address/port: docker.for.mac.localhost:9000.
[16] W: Creating socket for 'docker.for.mac.localhost:9000', poll success, but error: Operation now in progress (29).
[16] E: Could not connect to client. :-(
[16] Log closed at 2020-02-06 19:31:12

[16] Log opened at 2020-02-06 19:31:12
[16] I: Connecting to configured address/port: docker.for.mac.localhost:9000.
[16] W: Creating socket for 'docker.for.mac.localhost:9000', poll success, but error: Operation now in progress (29).
[16] E: Could not connect to client. :-(
[16] Log closed at 2020-02-06 19:31:12

[16] Log opened at 2020-02-06 19:31:12
[16] I: Connecting to configured address/port: docker.for.mac.localhost:9000.
[16] W: Creating socket for 'docker.for.mac.localhost:9000', poll success, but error: Operation now in progress (29).
[16] E: Could not connect to client. :-(
[16] Log closed at 2020-02-06 19:31:12

[16] Log opened at 2020-02-06 19:31:12
[16] I: Connecting to configured address/port: docker.for.mac.localhost:9000.
[16] W: Creating socket for 'docker.for.mac.localhost:9000', poll success, but error: Operation now in progress (29).
[16] E: Could not connect to client. :-(
[16] Log closed at 2020-02-06 19:31:12

[16] Log opened at 2020-02-06 19:31:12
[16] I: Connecting to configured address/port: docker.for.mac.localhost:9000.
[16] W: Creating socket for 'docker.for.mac.localhost:9000', poll success, but error: Operation now in progress (29).
[16] E: Could not connect to client. :-(
[16] Log closed at 2020-02-06 19:31:12

[16] Log opened at 2020-02-06 19:31:12
[16] I: Connecting to configured address/port: docker.for.mac.localhost:9000.
[16] W: Creating socket for 'docker.for.mac.localhost:9000', poll success, but error: Operation now in progress (8).
[16] E: Could not connect to client. :-(
[16] Log closed at 2020-02-06 19:31:12

[16] Log opened at 2020-02-06 19:31:12
[16] I: Connecting to configured address/port: docker.for.mac.localhost:9000.
[16] W: Creating socket for 'docker.for.mac.localhost:9000', poll success, but error: Operation now in progress (29).
[16] E: Could not connect to client. :-(
[16] Log closed at 2020-02-06 19:31:12

[16] Log opened at 2020-02-06 19:31:12
[16] I: Connecting to configured address/port: docker.for.mac.localhost:9000.
[16] W: Creating socket for 'docker.for.mac.localhost:9000', poll success, but error: Operation now in progress (29).
[16] E: Could not connect to client. :-(
[16] Log closed at 2020-02-06 19:31:13

[16] Log opened at 2020-02-06 19:31:13
[16] I: Connecting to configured address/port: docker.for.mac.localhost:9000.
[16] W: Creating socket for 'docker.for.mac.localhost:9000', poll success, but error: Operation now in progress (29).
[16] E: Could not connect to client. :-(
[16] Log closed at 2020-02-06 19:31:13

[16] Log opened at 2020-02-06 19:31:13
[16] I: Connecting to configured address/port: docker.for.mac.localhost:9000.
[16] W: Creating socket for 'docker.for.mac.localhost:9000', poll success, but error: Operation now in progress (29).
[16] E: Could not connect to client. :-(
[16] Log closed at 2020-02-06 19:31:13

[16] Log opened at 2020-02-06 19:31:13
[16] I: Connecting to configured address/port: docker.for.mac.localhost:9000.
[16] W: Creating socket for 'docker.for.mac.localhost:9000', poll success, but error: Operation now in progress (29).
[16] E: Could not connect to client. :-(
[16] Log closed at 2020-02-06 19:31:13

[16] Log opened at 2020-02-06 19:31:13
[16] I: Connecting to configured address/port: docker.for.mac.localhost:9000.
[16] W: Creating socket for 'docker.for.mac.localhost:9000', poll success, but error: Operation now in progress (29).
[16] E: Could not connect to client. :-(
[16] Log closed at 2020-02-06 19:31:13

[16] Log opened at 2020-02-06 19:31:13
[16] I: Connecting to configured address/port: docker.for.mac.localhost:9000.
[16] W: Creating socket for 'docker.for.mac.localhost:9000', poll success, but error: Operation now in progress (29).
[16] E: Could not connect to client. :-(
[16] Log closed at 2020-02-06 19:31:13

